<?xml version="1.0" encoding="utf-8"?><testsuites name="pytest tests"><testsuite name="pytest" errors="0" failures="0" skipped="0" tests="15" time="2.234" timestamp="2026-03-10T20:45:16.819259+00:00" hostname="agent-env-2dbec99f-ec9f-47c3-bde7-f36d076bd061"><testcase classname="backend.tests.test_league_limits.TestLeagueCreationLimit" name="test_create_first_league_succeeds" time="0.567" /><testcase classname="backend.tests.test_league_limits.TestLeagueCreationLimit" name="test_create_second_league_rejected_400" time="0.080" /><testcase classname="backend.tests.test_league_limits.TestLeagueCreationLimit" name="test_create_second_league_different_mode_also_rejected" time="0.083" /><testcase classname="backend.tests.test_league_limits.TestLeagueCreationLimit" name="test_different_user_can_create_league" time="0.330" /><testcase classname="backend.tests.test_league_limits.TestMemberLimit" name="test_join_league_succeeds_when_not_full" time="0.386" /><testcase classname="backend.tests.test_league_limits.TestAvailabilityEndpoint" name="test_availability_returns_required_fields" time="0.122" /><testcase classname="backend.tests.test_league_limits.TestAvailabilityEndpoint" name="test_availability_invalid_id_returns_400" time="0.054" /><testcase classname="backend.tests.test_league_limits.TestAvailabilityEndpoint" name="test_availability_not_found_returns_404" time="0.053" /><testcase classname="backend.tests.test_league_limits.TestMyLeaguesNewFields" name="test_my_leagues_includes_max_members" time="0.051" /><testcase classname="backend.tests.test_league_limits.TestMyLeaguesNewFields" name="test_my_leagues_is_full_consistency" time="0.056" /><testcase classname="backend.tests.test_league_limits.TestMyLeaguesNewFields" name="test_my_leagues_mode_field" time="0.055" /><testcase classname="backend.tests.test_league_limits.TestAvailabilityRouteOrder" name="test_availability_route_registered_correctly" time="0.110" /><testcase classname="backend.tests.test_league_limits.TestAuthRequirements" name="test_availability_requires_auth" time="0.050" /><testcase classname="backend.tests.test_league_limits.TestAuthRequirements" name="test_my_leagues_requires_auth" time="0.057" /><testcase classname="backend.tests.test_league_limits.TestAuthRequirements" name="test_create_league_requires_auth" time="0.054" /></testsuite></testsuites>