<?xml version="1.0" encoding="utf-8"?><testsuites name="pytest tests"><testsuite name="pytest" errors="0" failures="0" skipped="0" tests="15" time="4.522" timestamp="2026-04-01T03:38:15.942057+00:00" hostname="agent-env-2dbec99f-ec9f-47c3-bde7-f36d076bd061"><testcase classname="backend.tests.test_fantasy_lineup.TestJornadaCurrentStability" name="test_jornada_current_call_1" time="0.178" /><testcase classname="backend.tests.test_fantasy_lineup.TestJornadaCurrentStability" name="test_jornada_current_call_2" time="0.052" /><testcase classname="backend.tests.test_fantasy_lineup.TestJornadaCurrentStability" name="test_jornada_current_call_3" time="0.050" /><testcase classname="backend.tests.test_fantasy_lineup.TestJornadaCurrentStability" name="test_jornada_current_returns_required_fields" time="0.053" /><testcase classname="backend.tests.test_fantasy_lineup.TestJornadaCurrentStability" name="test_jornada_end_date_in_future" time="0.059" /><testcase classname="backend.tests.test_fantasy_lineup.TestFantasyNewUserFlow" name="test_new_user_has_no_team" time="0.606" /><testcase classname="backend.tests.test_fantasy_lineup.TestFantasyNewUserFlow" name="test_submit_lineup_without_team_returns_400" time="0.269" /><testcase classname="backend.tests.test_fantasy_lineup.TestFantasyFullFlow" name="test_create_fantasy_team" time="0.584" /><testcase classname="backend.tests.test_fantasy_lineup.TestFantasyFullFlow" name="test_verify_team_exists_after_creation" time="0.052" /><testcase classname="backend.tests.test_fantasy_lineup.TestFantasyFullFlow" name="test_submit_full_lineup_11_players_plus_dt" time="0.690" /><testcase classname="backend.tests.test_fantasy_lineup.TestFantasyFullFlow" name="test_lineup_persisted_in_db" time="0.056" /><testcase classname="backend.tests.test_fantasy_lineup.TestFantasyFullFlow" name="test_duplicate_lineup_returns_400" time="0.670" /><testcase classname="backend.tests.test_fantasy_lineup.TestExistingUserAlreadySubmitted" name="test_existing_user_my_team_exists" time="0.328" /><testcase classname="backend.tests.test_fantasy_lineup.TestExistingUserAlreadySubmitted" name="test_existing_user_lineup_submitted" time="0.111" /><testcase classname="backend.tests.test_fantasy_lineup.TestExistingUserAlreadySubmitted" name="test_existing_user_duplicate_lineup_returns_400" time="0.689" /></testsuite></testsuites>